<?xml version="1.0" encoding="UTF-8"?>
<!-- Generated by org.testng.reporters.JUnitXMLReporter -->
<testsuite ignored="0" hostname="Sachin" failures="0" tests="9" name="Default test" time="165.752" errors="0" timestamp="2025-11-19T18:51:13 IST">
  <testcase classname="com.bstack.testCases.BstackLoginpageTestCases" name="TC_001_login" time="5.125"/>
  <testcase classname="com.bstack.testCases.BstackLoginpageTestCases" name="TC_002InvalidCredentials" time="13.166"/>
  <testcase classname="com.bstack.testCases.BstackLoginpageTestCases" name="TC_003LoginWithEmptyPassword" time="6.363"/>
  <testcase classname="com.bstack.testCases.BstackCartPageTestCases" name="TC_004_AddSingleItemToCard" time="10.166"/>
  <testcase classname="com.bstack.testCases.BstackCartPageTestCases" name="TC_005_AddMultipleItemToCart" time="5.504"/>
  <testcase classname="com.bstack.testCases.BstackCartPageTestCases" name="TC_006_RemoveItemsFromCart" time="12.277"/>
  <testcase classname="com.bstack.testCases.BstackProductPageTestCases" name="getNoOfProductsOnPage" time="6.314"/>
  <testcase classname="com.bstack.testCases.BstackCheckoutPageTestCases" name="TC_007_checkout" time="12.381"/>
  <testcase classname="com.bstack.testCases.BstackCheckoutPageTestCases" name="TC_008_checkoutWithoutAddingItem" time="4.85"/>
</testsuite> <!-- Default test -->
