<?xml version="1.0" encoding="UTF-8"?>
<!-- Generated by org.testng.reporters.JUnitXMLReporter -->
<testsuite ignored="0" hostname="Sachin" failures="0" tests="9" name="BstackTestCases" time="160.013" errors="0" timestamp="2025-11-19T18:58:27 IST">
  <testcase classname="com.bstack.testCases.BstackProductPageTestCases" name="getNoOfProductsOnPage" time="4.891"/>
  <testcase classname="com.bstack.testCases.BstackCartPageTestCases" name="TC_004_AddSingleItemToCard" time="8.684"/>
  <testcase classname="com.bstack.testCases.BstackCartPageTestCases" name="TC_005_AddMultipleItemToCart" time="4.989"/>
  <testcase classname="com.bstack.testCases.BstackCartPageTestCases" name="TC_006_RemoveItemsFromCart" time="14.5"/>
  <testcase classname="com.bstack.testCases.BstackLoginpageTestCases" name="TC_001_login" time="5.104"/>
  <testcase classname="com.bstack.testCases.BstackLoginpageTestCases" name="TC_002InvalidCredentials" time="15.719"/>
  <testcase classname="com.bstack.testCases.BstackLoginpageTestCases" name="TC_003LoginWithEmptyPassword" time="5.776"/>
  <testcase classname="com.bstack.testCases.BstackCheckoutPageTestCases" name="TC_007_checkout" time="14.772"/>
  <testcase classname="com.bstack.testCases.BstackCheckoutPageTestCases" name="TC_008_checkoutWithoutAddingItem" time="4.029"/>
</testsuite> <!-- BstackTestCases -->
