<?xml version="1.0" encoding="UTF-8"?>
<!-- Generated by org.testng.reporters.JUnitXMLReporter -->
<testsuite ignored="0" hostname="Sachin" failures="1" tests="9" name="BstackTestCases" time="96.216" errors="0" timestamp="2025-11-17T10:47:43 IST">
  <testcase classname="com.bstack.testCases.BstackProductPageTestCases" name="getNoOfProductsOnPage" time="5.228"/>
  <testcase classname="com.bstack.testCases.BstackCartPageTestCases" name="TC_004_AddSingleItemToCard" time="7.166"/>
  <testcase classname="com.bstack.testCases.BstackCartPageTestCases" name="TC_005_AddMultipleItemToCart" time="2.748"/>
  <testcase classname="com.bstack.testCases.BstackCartPageTestCases" name="TC_006_RemoveItemsFromCart" time="10.702"/>
  <testcase classname="com.bstack.testCases.BstackLoginpageTestCases" name="TC_001_login" time="3.557">
    <failure type="junit.framework.ComparisonFailure" message="expected:&amp;lt;...?signin=true&amp;gt; but was:&amp;lt;...signin&amp;gt;">
      <![CDATA[junit.framework.ComparisonFailure: expected:<...?signin=true> but was:<...signin>
at junit.framework.Assert.assertEquals(Assert.java:81)
at junit.framework.Assert.assertEquals(Assert.java:87)
at com.bstack.pages.BstackLoginPage.checkForsuccessfullLogin(BstackLoginPage.java:66)
at com.bstack.testCases.BstackLoginpageTestCases.TC_001_login(BstackLoginpageTestCases.java:14)
at java.base/java.util.ArrayList.forEach(ArrayList.java:1596)
... Removed 25 stack frames]]>
    </failure>
  </testcase> <!-- TC_001_login -->
  <testcase classname="com.bstack.testCases.BstackLoginpageTestCases" name="TC_002InvalidCredentials" time="8.781"/>
  <testcase classname="com.bstack.testCases.BstackLoginpageTestCases" name="TC_003LoginWithEmptyPassword" time="5.394"/>
  <testcase classname="com.bstack.testCases.BstackCheckoutPageTestCases" name="TC_007_checkout" time="6.198"/>
  <testcase classname="com.bstack.testCases.BstackCheckoutPageTestCases" name="TC_008_checkoutWithoutAddingItem" time="1.875"/>
</testsuite> <!-- BstackTestCases -->
