<?xml version="1.0" encoding="UTF-8"?>
<testng-results ignored="0" total="9" passed="9" failed="0" skipped="0">
  <reporter-output>
  </reporter-output>
  <suite started-at="2025-11-19T18:55:46 IST" name="MyFirstTestSuite" finished-at="2025-11-19T18:58:26 IST" duration-ms="160013">
    <groups>
    </groups>
    <test started-at="2025-11-19T18:55:46 IST" name="BstackTestCases" finished-at="2025-11-19T18:58:26 IST" duration-ms="160013">
      <class name="com.bstack.testCases.BstackLoginpageTestCases">
        <test-method is-config="true" signature="setUp()[pri:0, instance:com.bstack.testCases.BstackLoginpageTestCases@7098b907]" started-at="2025-11-19T18:56:47 IST" name="setUp" finished-at="2025-11-19T18:56:53 IST" duration-ms="6593" status="PASS">
          <reporter-output>
          </reporter-output>
        </test-method> <!-- setUp -->
        <test-method signature="TC_001_login()[pri:0, instance:com.bstack.testCases.BstackLoginpageTestCases@7098b907]" started-at="2025-11-19T18:56:53 IST" name="TC_001_login" finished-at="2025-11-19T18:56:59 IST" duration-ms="5104" status="PASS">
          <reporter-output>
          </reporter-output>
        </test-method> <!-- TC_001_login -->
        <test-method is-config="true" signature="tearDown()[pri:0, instance:com.bstack.testCases.BstackLoginpageTestCases@7098b907]" started-at="2025-11-19T18:56:59 IST" name="tearDown" finished-at="2025-11-19T18:56:59 IST" duration-ms="554" status="PASS">
          <reporter-output>
          </reporter-output>
        </test-method> <!-- tearDown -->
        <test-method is-config="true" signature="setUp()[pri:0, instance:com.bstack.testCases.BstackLoginpageTestCases@7098b907]" started-at="2025-11-19T18:56:59 IST" name="setUp" finished-at="2025-11-19T18:57:04 IST" duration-ms="5235" status="PASS">
          <reporter-output>
          </reporter-output>
        </test-method> <!-- setUp -->
        <test-method signature="TC_002InvalidCredentials()[pri:0, instance:com.bstack.testCases.BstackLoginpageTestCases@7098b907]" started-at="2025-11-19T18:57:04 IST" name="TC_002InvalidCredentials" finished-at="2025-11-19T18:57:20 IST" duration-ms="15719" status="PASS">
          <reporter-output>
          </reporter-output>
        </test-method> <!-- TC_002InvalidCredentials -->
        <test-method is-config="true" signature="tearDown()[pri:0, instance:com.bstack.testCases.BstackLoginpageTestCases@7098b907]" started-at="2025-11-19T18:57:20 IST" name="tearDown" finished-at="2025-11-19T18:57:21 IST" duration-ms="545" status="PASS">
          <reporter-output>
          </reporter-output>
        </test-method> <!-- tearDown -->
        <test-method is-config="true" signature="setUp()[pri:0, instance:com.bstack.testCases.BstackLoginpageTestCases@7098b907]" started-at="2025-11-19T18:57:21 IST" name="setUp" finished-at="2025-11-19T18:57:46 IST" duration-ms="25415" status="PASS">
          <reporter-output>
          </reporter-output>
        </test-method> <!-- setUp -->
        <test-method signature="TC_003LoginWithEmptyPassword()[pri:0, instance:com.bstack.testCases.BstackLoginpageTestCases@7098b907]" started-at="2025-11-19T18:57:46 IST" name="TC_003LoginWithEmptyPassword" finished-at="2025-11-19T18:57:52 IST" duration-ms="5776" status="PASS">
          <reporter-output>
          </reporter-output>
        </test-method> <!-- TC_003LoginWithEmptyPassword -->
        <test-method is-config="true" signature="tearDown()[pri:0, instance:com.bstack.testCases.BstackLoginpageTestCases@7098b907]" started-at="2025-11-19T18:57:52 IST" name="tearDown" finished-at="2025-11-19T18:57:52 IST" duration-ms="363" status="PASS">
          <reporter-output>
          </reporter-output>
        </test-method> <!-- tearDown -->
      </class> <!-- com.bstack.testCases.BstackLoginpageTestCases -->
      <class name="com.bstack.testCases.BstackCartPageTestCases">
        <test-method is-config="true" signature="setUp()[pri:0, instance:com.bstack.testCases.BstackCartPageTestCases@15d49048]" started-at="2025-11-19T18:56:01 IST" name="setUp" finished-at="2025-11-19T18:56:08 IST" duration-ms="6854" status="PASS">
          <reporter-output>
          </reporter-output>
        </test-method> <!-- setUp -->
        <test-method signature="TC_004_AddSingleItemToCard()[pri:1, instance:com.bstack.testCases.BstackCartPageTestCases@15d49048]" started-at="2025-11-19T18:56:08 IST" name="TC_004_AddSingleItemToCard" finished-at="2025-11-19T18:56:17 IST" duration-ms="8684" status="PASS">
          <reporter-output>
          </reporter-output>
        </test-method> <!-- TC_004_AddSingleItemToCard -->
        <test-method is-config="true" signature="tearDown()[pri:0, instance:com.bstack.testCases.BstackCartPageTestCases@15d49048]" started-at="2025-11-19T18:56:17 IST" name="tearDown" finished-at="2025-11-19T18:56:17 IST" duration-ms="465" status="PASS">
          <reporter-output>
          </reporter-output>
        </test-method> <!-- tearDown -->
        <test-method is-config="true" signature="setUp()[pri:0, instance:com.bstack.testCases.BstackCartPageTestCases@15d49048]" started-at="2025-11-19T18:56:17 IST" name="setUp" finished-at="2025-11-19T18:56:23 IST" duration-ms="5591" status="PASS">
          <reporter-output>
          </reporter-output>
        </test-method> <!-- setUp -->
        <test-method signature="TC_005_AddMultipleItemToCart()[pri:2, instance:com.bstack.testCases.BstackCartPageTestCases@15d49048]" started-at="2025-11-19T18:56:23 IST" name="TC_005_AddMultipleItemToCart" finished-at="2025-11-19T18:56:28 IST" duration-ms="4989" status="PASS">
          <reporter-output>
          </reporter-output>
        </test-method> <!-- TC_005_AddMultipleItemToCart -->
        <test-method is-config="true" signature="tearDown()[pri:0, instance:com.bstack.testCases.BstackCartPageTestCases@15d49048]" started-at="2025-11-19T18:56:28 IST" name="tearDown" finished-at="2025-11-19T18:56:28 IST" duration-ms="494" status="PASS">
          <reporter-output>
          </reporter-output>
        </test-method> <!-- tearDown -->
        <test-method is-config="true" signature="setUp()[pri:0, instance:com.bstack.testCases.BstackCartPageTestCases@15d49048]" started-at="2025-11-19T18:56:28 IST" name="setUp" finished-at="2025-11-19T18:56:32 IST" duration-ms="3474" status="PASS">
          <reporter-output>
          </reporter-output>
        </test-method> <!-- setUp -->
        <test-method signature="TC_006_RemoveItemsFromCart()[pri:3, instance:com.bstack.testCases.BstackCartPageTestCases@15d49048]" started-at="2025-11-19T18:56:32 IST" name="TC_006_RemoveItemsFromCart" finished-at="2025-11-19T18:56:46 IST" duration-ms="14500" status="PASS">
          <reporter-output>
          </reporter-output>
        </test-method> <!-- TC_006_RemoveItemsFromCart -->
        <test-method is-config="true" signature="tearDown()[pri:0, instance:com.bstack.testCases.BstackCartPageTestCases@15d49048]" started-at="2025-11-19T18:56:46 IST" name="tearDown" finished-at="2025-11-19T18:56:47 IST" duration-ms="488" status="PASS">
          <reporter-output>
          </reporter-output>
        </test-method> <!-- tearDown -->
      </class> <!-- com.bstack.testCases.BstackCartPageTestCases -->
      <class name="com.bstack.testCases.BstackProductPageTestCases">
        <test-method is-config="true" signature="setUp()[pri:0, instance:com.bstack.testCases.BstackProductPageTestCases@7bbc8656]" started-at="2025-11-19T18:55:46 IST" name="setUp" finished-at="2025-11-19T18:55:56 IST" duration-ms="9602" status="PASS">
          <reporter-output>
          </reporter-output>
        </test-method> <!-- setUp -->
        <test-method signature="getNoOfProductsOnPage()[pri:0, instance:com.bstack.testCases.BstackProductPageTestCases@7bbc8656]" started-at="2025-11-19T18:55:56 IST" name="getNoOfProductsOnPage" finished-at="2025-11-19T18:56:01 IST" duration-ms="4891" status="PASS">
          <reporter-output>
          </reporter-output>
        </test-method> <!-- getNoOfProductsOnPage -->
        <test-method is-config="true" signature="tearDown()[pri:0, instance:com.bstack.testCases.BstackProductPageTestCases@7bbc8656]" started-at="2025-11-19T18:56:01 IST" name="tearDown" finished-at="2025-11-19T18:56:01 IST" duration-ms="505" status="PASS">
          <reporter-output>
          </reporter-output>
        </test-method> <!-- tearDown -->
      </class> <!-- com.bstack.testCases.BstackProductPageTestCases -->
      <class name="com.bstack.testCases.BstackCheckoutPageTestCases">
        <test-method is-config="true" signature="setUp()[pri:0, instance:com.bstack.testCases.BstackCheckoutPageTestCases@503f91c3]" started-at="2025-11-19T18:57:52 IST" name="setUp" finished-at="2025-11-19T18:58:00 IST" duration-ms="7826" status="PASS">
          <reporter-output>
          </reporter-output>
        </test-method> <!-- setUp -->
        <test-method signature="TC_007_checkout()[pri:0, instance:com.bstack.testCases.BstackCheckoutPageTestCases@503f91c3]" started-at="2025-11-19T18:58:00 IST" name="TC_007_checkout" finished-at="2025-11-19T18:58:15 IST" duration-ms="14772" status="PASS">
          <reporter-output>
          </reporter-output>
        </test-method> <!-- TC_007_checkout -->
        <test-method is-config="true" signature="tearDown()[pri:0, instance:com.bstack.testCases.BstackCheckoutPageTestCases@503f91c3]" started-at="2025-11-19T18:58:15 IST" name="tearDown" finished-at="2025-11-19T18:58:15 IST" duration-ms="648" status="PASS">
          <reporter-output>
          </reporter-output>
        </test-method> <!-- tearDown -->
        <test-method is-config="true" signature="setUp()[pri:0, instance:com.bstack.testCases.BstackCheckoutPageTestCases@503f91c3]" started-at="2025-11-19T18:58:15 IST" name="setUp" finished-at="2025-11-19T18:58:21 IST" duration-ms="6030" status="PASS">
          <reporter-output>
          </reporter-output>
        </test-method> <!-- setUp -->
        <test-method signature="TC_008_checkoutWithoutAddingItem()[pri:0, instance:com.bstack.testCases.BstackCheckoutPageTestCases@503f91c3]" started-at="2025-11-19T18:58:21 IST" name="TC_008_checkoutWithoutAddingItem" finished-at="2025-11-19T18:58:26 IST" duration-ms="4029" status="PASS">
          <reporter-output>
          </reporter-output>
        </test-method> <!-- TC_008_checkoutWithoutAddingItem -->
        <test-method is-config="true" signature="tearDown()[pri:0, instance:com.bstack.testCases.BstackCheckoutPageTestCases@503f91c3]" started-at="2025-11-19T18:58:26 IST" name="tearDown" finished-at="2025-11-19T18:58:26 IST" duration-ms="653" status="PASS">
          <reporter-output>
          </reporter-output>
        </test-method> <!-- tearDown -->
      </class> <!-- com.bstack.testCases.BstackCheckoutPageTestCases -->
    </test> <!-- BstackTestCases -->
  </suite> <!-- MyFirstTestSuite -->
</testng-results>
