<?xml version="1.0" encoding="UTF-8"?>
<testng-results ignored="0" total="9" passed="8" failed="1" skipped="0">
  <reporter-output>
  </reporter-output>
  <suite started-at="2025-11-17T10:46:06 IST" name="MyFirstTestSuite" finished-at="2025-11-17T10:47:42 IST" duration-ms="96216">
    <groups>
    </groups>
    <test started-at="2025-11-17T10:46:06 IST" name="BstackTestCases" finished-at="2025-11-17T10:47:42 IST" duration-ms="96216">
      <class name="com.bstack.testCases.BstackLoginpageTestCases">
        <test-method is-config="true" signature="setUp()[pri:0, instance:com.bstack.testCases.BstackLoginpageTestCases@7098b907]" started-at="2025-11-17T10:46:54 IST" name="setUp" finished-at="2025-11-17T10:46:59 IST" duration-ms="5087" status="PASS">
          <reporter-output>
          </reporter-output>
        </test-method> <!-- setUp -->
        <test-method signature="TC_001_login()[pri:0, instance:com.bstack.testCases.BstackLoginpageTestCases@7098b907]" started-at="2025-11-17T10:46:59 IST" name="TC_001_login" finished-at="2025-11-17T10:47:03 IST" duration-ms="3557" status="FAIL">
          <exception class="junit.framework.ComparisonFailure">
            <message>
              <![CDATA[expected:<...?signin=true> but was:<...signin>]]>
            </message>
            <full-stacktrace>
              <![CDATA[junit.framework.ComparisonFailure: expected:<...?signin=true> but was:<...signin>
at junit.framework.Assert.assertEquals(Assert.java:81)
at junit.framework.Assert.assertEquals(Assert.java:87)
at com.bstack.pages.BstackLoginPage.checkForsuccessfullLogin(BstackLoginPage.java:66)
at com.bstack.testCases.BstackLoginpageTestCases.TC_001_login(BstackLoginpageTestCases.java:14)
at java.base/jdk.internal.reflect.DirectMethodHandleAccessor.invoke(DirectMethodHandleAccessor.java:103)
at java.base/java.lang.reflect.Method.invoke(Method.java:580)
at org.testng.internal.invokers.MethodInvocationHelper.invokeMethod(MethodInvocationHelper.java:141)
at org.testng.internal.invokers.TestInvoker.invokeMethod(TestInvoker.java:687)
at org.testng.internal.invokers.TestInvoker.invokeTestMethod(TestInvoker.java:230)
at org.testng.internal.invokers.MethodRunner.runInSequence(MethodRunner.java:63)
at org.testng.internal.invokers.TestInvoker$MethodInvocationAgent.invoke(TestInvoker.java:995)
at org.testng.internal.invokers.TestInvoker.invokeTestMethods(TestInvoker.java:203)
at org.testng.internal.invokers.TestMethodWorker.invokeTestMethods(TestMethodWorker.java:154)
at org.testng.internal.invokers.TestMethodWorker.run(TestMethodWorker.java:134)
at java.base/java.util.ArrayList.forEach(ArrayList.java:1596)
at org.testng.TestRunner.privateRun(TestRunner.java:741)
at org.testng.TestRunner.run(TestRunner.java:616)
at org.testng.SuiteRunner.runTest(SuiteRunner.java:421)
at org.testng.SuiteRunner.runSequentially(SuiteRunner.java:413)
at org.testng.SuiteRunner.privateRun(SuiteRunner.java:373)
at org.testng.SuiteRunner.run(SuiteRunner.java:312)
at org.testng.SuiteRunnerWorker.runSuite(SuiteRunnerWorker.java:52)
at org.testng.SuiteRunnerWorker.run(SuiteRunnerWorker.java:95)
at org.testng.TestNG.runSuitesSequentially(TestNG.java:1274)
at org.testng.TestNG.runSuitesLocally(TestNG.java:1208)
at org.testng.TestNG.runSuites(TestNG.java:1112)
at org.testng.TestNG.run(TestNG.java:1079)
at org.testng.remote.AbstractRemoteTestNG.run(AbstractRemoteTestNG.java:115)
at org.testng.remote.RemoteTestNG.initAndRun(RemoteTestNG.java:293)
at org.testng.remote.RemoteTestNG.main(RemoteTestNG.java:91)
]]>
            </full-stacktrace>
          </exception> <!-- junit.framework.ComparisonFailure -->
          <reporter-output>
          </reporter-output>
        </test-method> <!-- TC_001_login -->
        <test-method is-config="true" signature="tearDown()[pri:0, instance:com.bstack.testCases.BstackLoginpageTestCases@7098b907]" started-at="2025-11-17T10:47:03 IST" name="tearDown" finished-at="2025-11-17T10:47:03 IST" duration-ms="246" status="PASS">
          <reporter-output>
          </reporter-output>
        </test-method> <!-- tearDown -->
        <test-method is-config="true" signature="setUp()[pri:0, instance:com.bstack.testCases.BstackLoginpageTestCases@7098b907]" started-at="2025-11-17T10:47:03 IST" name="setUp" finished-at="2025-11-17T10:47:07 IST" duration-ms="3753" status="PASS">
          <reporter-output>
          </reporter-output>
        </test-method> <!-- setUp -->
        <test-method signature="TC_002InvalidCredentials()[pri:0, instance:com.bstack.testCases.BstackLoginpageTestCases@7098b907]" started-at="2025-11-17T10:47:07 IST" name="TC_002InvalidCredentials" finished-at="2025-11-17T10:47:16 IST" duration-ms="8781" status="PASS">
          <reporter-output>
          </reporter-output>
        </test-method> <!-- TC_002InvalidCredentials -->
        <test-method is-config="true" signature="tearDown()[pri:0, instance:com.bstack.testCases.BstackLoginpageTestCases@7098b907]" started-at="2025-11-17T10:47:16 IST" name="tearDown" finished-at="2025-11-17T10:47:16 IST" duration-ms="190" status="PASS">
          <reporter-output>
          </reporter-output>
        </test-method> <!-- tearDown -->
        <test-method is-config="true" signature="setUp()[pri:0, instance:com.bstack.testCases.BstackLoginpageTestCases@7098b907]" started-at="2025-11-17T10:47:16 IST" name="setUp" finished-at="2025-11-17T10:47:20 IST" duration-ms="3943" status="PASS">
          <reporter-output>
          </reporter-output>
        </test-method> <!-- setUp -->
        <test-method signature="TC_003LoginWithEmptyPassword()[pri:0, instance:com.bstack.testCases.BstackLoginpageTestCases@7098b907]" started-at="2025-11-17T10:47:20 IST" name="TC_003LoginWithEmptyPassword" finished-at="2025-11-17T10:47:25 IST" duration-ms="5394" status="PASS">
          <reporter-output>
          </reporter-output>
        </test-method> <!-- TC_003LoginWithEmptyPassword -->
        <test-method is-config="true" signature="tearDown()[pri:0, instance:com.bstack.testCases.BstackLoginpageTestCases@7098b907]" started-at="2025-11-17T10:47:25 IST" name="tearDown" finished-at="2025-11-17T10:47:25 IST" duration-ms="237" status="PASS">
          <reporter-output>
          </reporter-output>
        </test-method> <!-- tearDown -->
      </class> <!-- com.bstack.testCases.BstackLoginpageTestCases -->
      <class name="com.bstack.testCases.BstackCartPageTestCases">
        <test-method is-config="true" signature="setUp()[pri:0, instance:com.bstack.testCases.BstackCartPageTestCases@15d49048]" started-at="2025-11-17T10:46:20 IST" name="setUp" finished-at="2025-11-17T10:46:25 IST" duration-ms="4796" status="PASS">
          <reporter-output>
          </reporter-output>
        </test-method> <!-- setUp -->
        <test-method signature="TC_004_AddSingleItemToCard()[pri:1, instance:com.bstack.testCases.BstackCartPageTestCases@15d49048]" started-at="2025-11-17T10:46:25 IST" name="TC_004_AddSingleItemToCard" finished-at="2025-11-17T10:46:32 IST" duration-ms="7166" status="PASS">
          <reporter-output>
          </reporter-output>
        </test-method> <!-- TC_004_AddSingleItemToCard -->
        <test-method is-config="true" signature="tearDown()[pri:0, instance:com.bstack.testCases.BstackCartPageTestCases@15d49048]" started-at="2025-11-17T10:46:32 IST" name="tearDown" finished-at="2025-11-17T10:46:32 IST" duration-ms="230" status="PASS">
          <reporter-output>
          </reporter-output>
        </test-method> <!-- tearDown -->
        <test-method is-config="true" signature="setUp()[pri:0, instance:com.bstack.testCases.BstackCartPageTestCases@15d49048]" started-at="2025-11-17T10:46:32 IST" name="setUp" finished-at="2025-11-17T10:46:36 IST" duration-ms="3928" status="PASS">
          <reporter-output>
          </reporter-output>
        </test-method> <!-- setUp -->
        <test-method signature="TC_005_AddMultipleItemToCart()[pri:2, instance:com.bstack.testCases.BstackCartPageTestCases@15d49048]" started-at="2025-11-17T10:46:36 IST" name="TC_005_AddMultipleItemToCart" finished-at="2025-11-17T10:46:39 IST" duration-ms="2748" status="PASS">
          <reporter-output>
          </reporter-output>
        </test-method> <!-- TC_005_AddMultipleItemToCart -->
        <test-method is-config="true" signature="tearDown()[pri:0, instance:com.bstack.testCases.BstackCartPageTestCases@15d49048]" started-at="2025-11-17T10:46:39 IST" name="tearDown" finished-at="2025-11-17T10:46:39 IST" duration-ms="301" status="PASS">
          <reporter-output>
          </reporter-output>
        </test-method> <!-- tearDown -->
        <test-method is-config="true" signature="setUp()[pri:0, instance:com.bstack.testCases.BstackCartPageTestCases@15d49048]" started-at="2025-11-17T10:46:39 IST" name="setUp" finished-at="2025-11-17T10:46:43 IST" duration-ms="4146" status="PASS">
          <reporter-output>
          </reporter-output>
        </test-method> <!-- setUp -->
        <test-method signature="TC_006_RemoveItemsFromCart()[pri:3, instance:com.bstack.testCases.BstackCartPageTestCases@15d49048]" started-at="2025-11-17T10:46:43 IST" name="TC_006_RemoveItemsFromCart" finished-at="2025-11-17T10:46:54 IST" duration-ms="10702" status="PASS">
          <reporter-output>
          </reporter-output>
        </test-method> <!-- TC_006_RemoveItemsFromCart -->
        <test-method is-config="true" signature="tearDown()[pri:0, instance:com.bstack.testCases.BstackCartPageTestCases@15d49048]" started-at="2025-11-17T10:46:54 IST" name="tearDown" finished-at="2025-11-17T10:46:54 IST" duration-ms="230" status="PASS">
          <reporter-output>
          </reporter-output>
        </test-method> <!-- tearDown -->
      </class> <!-- com.bstack.testCases.BstackCartPageTestCases -->
      <class name="com.bstack.testCases.BstackProductPageTestCases">
        <test-method is-config="true" signature="setUp()[pri:0, instance:com.bstack.testCases.BstackProductPageTestCases@7bbc8656]" started-at="2025-11-17T10:46:06 IST" name="setUp" finished-at="2025-11-17T10:46:14 IST" duration-ms="7674" status="PASS">
          <reporter-output>
          </reporter-output>
        </test-method> <!-- setUp -->
        <test-method signature="getNoOfProductsOnPage()[pri:0, instance:com.bstack.testCases.BstackProductPageTestCases@7bbc8656]" started-at="2025-11-17T10:46:14 IST" name="getNoOfProductsOnPage" finished-at="2025-11-17T10:46:19 IST" duration-ms="5228" status="PASS">
          <reporter-output>
          </reporter-output>
        </test-method> <!-- getNoOfProductsOnPage -->
        <test-method is-config="true" signature="tearDown()[pri:0, instance:com.bstack.testCases.BstackProductPageTestCases@7bbc8656]" started-at="2025-11-17T10:46:19 IST" name="tearDown" finished-at="2025-11-17T10:46:20 IST" duration-ms="609" status="PASS">
          <reporter-output>
          </reporter-output>
        </test-method> <!-- tearDown -->
      </class> <!-- com.bstack.testCases.BstackProductPageTestCases -->
      <class name="com.bstack.testCases.BstackCheckoutPageTestCases">
        <test-method is-config="true" signature="setUp()[pri:0, instance:com.bstack.testCases.BstackCheckoutPageTestCases@503f91c3]" started-at="2025-11-17T10:47:25 IST" name="setUp" finished-at="2025-11-17T10:47:29 IST" duration-ms="3917" status="PASS">
          <reporter-output>
          </reporter-output>
        </test-method> <!-- setUp -->
        <test-method signature="TC_007_checkout()[pri:0, instance:com.bstack.testCases.BstackCheckoutPageTestCases@503f91c3]" started-at="2025-11-17T10:47:29 IST" name="TC_007_checkout" finished-at="2025-11-17T10:47:35 IST" duration-ms="6198" status="PASS">
          <reporter-output>
          </reporter-output>
        </test-method> <!-- TC_007_checkout -->
        <test-method is-config="true" signature="tearDown()[pri:0, instance:com.bstack.testCases.BstackCheckoutPageTestCases@503f91c3]" started-at="2025-11-17T10:47:35 IST" name="tearDown" finished-at="2025-11-17T10:47:36 IST" duration-ms="204" status="PASS">
          <reporter-output>
          </reporter-output>
        </test-method> <!-- tearDown -->
        <test-method is-config="true" signature="setUp()[pri:0, instance:com.bstack.testCases.BstackCheckoutPageTestCases@503f91c3]" started-at="2025-11-17T10:47:36 IST" name="setUp" finished-at="2025-11-17T10:47:40 IST" duration-ms="4536" status="PASS">
          <reporter-output>
          </reporter-output>
        </test-method> <!-- setUp -->
        <test-method signature="TC_008_checkoutWithoutAddingItem()[pri:0, instance:com.bstack.testCases.BstackCheckoutPageTestCases@503f91c3]" started-at="2025-11-17T10:47:40 IST" name="TC_008_checkoutWithoutAddingItem" finished-at="2025-11-17T10:47:42 IST" duration-ms="1875" status="PASS">
          <reporter-output>
          </reporter-output>
        </test-method> <!-- TC_008_checkoutWithoutAddingItem -->
        <test-method is-config="true" signature="tearDown()[pri:0, instance:com.bstack.testCases.BstackCheckoutPageTestCases@503f91c3]" started-at="2025-11-17T10:47:42 IST" name="tearDown" finished-at="2025-11-17T10:47:42 IST" duration-ms="196" status="PASS">
          <reporter-output>
          </reporter-output>
        </test-method> <!-- tearDown -->
      </class> <!-- com.bstack.testCases.BstackCheckoutPageTestCases -->
    </test> <!-- BstackTestCases -->
  </suite> <!-- MyFirstTestSuite -->
</testng-results>
