<?xml version="1.0" encoding="UTF-8"?>
<!-- Generated by org.testng.reporters.JUnitReportReporter -->
<testsuite hostname="Sachin" failures="0" tests="2" name="com.bstack.testCases.BstackCheckoutPageTestCases" time="33.958" errors="0" timestamp="2025-11-19T18:58:27 IST" skipped="0">
  <testcase classname="com.bstack.testCases.BstackCheckoutPageTestCases" name="TC_008_checkoutWithoutAddingItem" time="10.712"/>
  <testcase classname="com.bstack.testCases.BstackCheckoutPageTestCases" name="TC_007_checkout" time="23.246"/>
</testsuite> <!-- com.bstack.testCases.BstackCheckoutPageTestCases -->
