<?xml version="1.0" encoding="UTF-8"?>
<!-- Generated by org.testng.reporters.JUnitReportReporter -->
<testsuite hostname="Sachin" failures="0" tests="2" name="com.bstack.testCases.BstackCheckoutPageTestCases" time="16.926" errors="0" timestamp="2025-11-17T10:47:43 IST" skipped="0">
  <testcase classname="com.bstack.testCases.BstackCheckoutPageTestCases" name="TC_007_checkout" time="10.930"/>
  <testcase classname="com.bstack.testCases.BstackCheckoutPageTestCases" name="TC_008_checkoutWithoutAddingItem" time="5.996"/>
</testsuite> <!-- com.bstack.testCases.BstackCheckoutPageTestCases -->
