<?xml version="1.0" encoding="UTF-8"?>
<!-- Generated by org.testng.reporters.JUnitReportReporter -->
<testsuite hostname="Sachin" failures="0" tests="3" name="com.bstack.testCases.BstackCartPageTestCases" time="45.539" errors="0" timestamp="2025-11-19T18:58:27 IST" skipped="0">
  <testcase classname="com.bstack.testCases.BstackCartPageTestCases" name="TC_004_AddSingleItemToCard" time="12.623"/>
  <testcase classname="com.bstack.testCases.BstackCartPageTestCases" name="TC_005_AddMultipleItemToCart" time="11.068"/>
  <testcase classname="com.bstack.testCases.BstackCartPageTestCases" name="TC_006_RemoveItemsFromCart" time="21.848"/>
</testsuite> <!-- com.bstack.testCases.BstackCartPageTestCases -->
