<?xml version="1.0" encoding="UTF-8"?>
<!-- Generated by org.testng.reporters.JUnitReportReporter -->
<testsuite hostname="Sachin" failures="0" tests="3" name="com.bstack.testCases.BstackCartPageTestCases" time="34.247" errors="0" timestamp="2025-11-17T10:47:43 IST" skipped="0">
  <testcase classname="com.bstack.testCases.BstackCartPageTestCases" name="TC_004_AddSingleItemToCard" time="11.542"/>
  <testcase classname="com.bstack.testCases.BstackCartPageTestCases" name="TC_005_AddMultipleItemToCart" time="7.845"/>
  <testcase classname="com.bstack.testCases.BstackCartPageTestCases" name="TC_006_RemoveItemsFromCart" time="14.860"/>
</testsuite> <!-- com.bstack.testCases.BstackCartPageTestCases -->
