<?xml version="1.0" encoding="UTF-8"?>
<!-- Generated by org.testng.reporters.JUnitReportReporter -->
<testsuite hostname="Sachin" failures="0" tests="3" name="com.bstack.testCases.BstackLoginpageTestCases" time="65.304" errors="0" timestamp="2025-11-19T18:58:27 IST" skipped="0">
  <testcase classname="com.bstack.testCases.BstackLoginpageTestCases" name="TC_001_login" time="12.242"/>
  <testcase classname="com.bstack.testCases.BstackLoginpageTestCases" name="TC_002InvalidCredentials" time="41.688"/>
  <testcase classname="com.bstack.testCases.BstackLoginpageTestCases" name="TC_003LoginWithEmptyPassword" time="11.374"/>
</testsuite> <!-- com.bstack.testCases.BstackLoginpageTestCases -->
